#!/bin/bash

# Run check script to validate the test file and methods
bash .scripts/check_test_exercise_2.bash
FILE_CHECK_RESULTS=$?

echo ""
case $FILE_CHECK_RESULTS in
    1)
        echo "âŒ ERROR: The test file 'test_exercise_2.py' does not exist in the 'tests' folder."
        echo ""
        exit 1
        ;;
    2)
        echo "âŒ ERROR: Missing or incorrectly named method to test 'fizz_buzz'."
        echo "âž¡ï¸  Expected method name: 'test_fizz_buzz(self)'"
        echo ""
        exit 2
        ;;
    3)
        echo "âŒ ERROR: Missing or incorrectly named method to test 'is_palindrome'."
        echo "âž¡ï¸  Expected method name: 'test_is_palindrome(self)'"
        echo ""
        exit 3
        ;;
    4)
        echo "âŒ ERROR: Missing or incorrectly named method to test 'factorial'."
        echo "âž¡ï¸  Expected method name: 'test_factorial(self)'"
        echo ""
        exit 4
        ;;
    5)
        echo "âŒ ERROR: Missing or incorrectly named method to test 'are_anagrams'."
        echo "âž¡ï¸  Expected method name: 'test_are_anagrams(self)'"
        echo ""
        exit 5
        ;;
esac

echo "âœ… All checks passed. Running unit tests..."

# Function to run tests and parse results
run_tests() {
  local test_file=$1
  echo "ðŸ” Running tests from: $test_file"

  # Run unittest and capture output
  TEST_OUTPUT=$(python3 -m unittest "$test_file" 2>&1)
  echo "$TEST_OUTPUT"

  # Extract tests run
  TESTS_RUN=$(echo "$TEST_OUTPUT" | grep -oP 'Ran \K[0-9]+')

  # Determine if tests passed or failed
  if echo "$TEST_OUTPUT" | grep -q "OK"; then
    FAILURES=0
    ERRORS=0
  else
    # Extract failures and errors (default to 0 if not found)
    FAILURES=$(echo "$TEST_OUTPUT" | grep -oP 'failures=\K[0-9]+' || echo 0)
    ERRORS=$(echo "$TEST_OUTPUT" | grep -oP 'errors=\K[0-9]+' || echo 0)
  fi

  PASSED=$(( TESTS_RUN - FAILURES - ERRORS ))

  # Calculate passing percentage
  if [ "$TESTS_RUN" -eq 0 ]; then
    PASS_PERCENT=0
  else
    PASS_PERCENT=$(awk "BEGIN {printf \"%.2f\", ($PASSED / $TESTS_RUN) * 100}")
  fi

  echo "âœ… Tests run: $TESTS_RUN, Passed: $PASSED, Failures: $FAILURES, Errors: $ERRORS"
  echo "ðŸ“Š Passing percentage: $PASS_PERCENT%"
  echo ""

  # Optional: Fail the script if any tests failed
  if [ "$FAILURES" -gt 0 ] || [ "$ERRORS" -gt 0 ]; then
    return 1
  fi
  return 0
}


run_tests tests/test_data_structures.py || exit 1
run_tests tests/test_exercise_2.py || exit 1
run_tests tests/test_hidden.py || exit 1
